<?xml version="1.0" encoding="UTF-8"?>
<!-- Generated by org.testng.reporters.JUnitXMLReporter -->
<testsuite ignored="0" hostname="WIN-5CG7431DRQ" failures="0" tests="3" name="FirefoxTest" time="65.243" errors="0" timestamp="2024-06-15T12:12:39 IST">
  <testcase classname="Siva_test.TestScenario_1" name="TestScenario1" time="6.701"/>
  <testcase classname="Siva_test.TestScenario_2" name="TestScenario2" time="5.39"/>
  <testcase classname="Siva_test.TestScenario_3" name="TestScenario3" time="14.326"/>
</testsuite> <!-- FirefoxTest -->
