<?xml version="1.0" encoding="UTF-8"?>
<testng-results ignored="0" total="6" passed="6" failed="0" skipped="0">
  <reporter-output>
  </reporter-output>
  <suite started-at="2024-06-15T12:11:33 IST" name="Parallel Test Suite" finished-at="2024-06-15T12:12:39 IST" duration-ms="65255">
    <groups>
    </groups>
    <test started-at="2024-06-15T12:11:33 IST" name="ChromeTest" finished-at="2024-06-15T12:12:33 IST" duration-ms="59206">
      <class name="Siva_test.TestScenario_3">
        <test-method is-config="true" signature="setUp(java.lang.String,java.lang.String,java.lang.String)[pri:0, instance:Siva_test.TestScenario_3@4ec4f3a0]" started-at="2024-06-15T12:12:07 IST" name="setUp" finished-at="2024-06-15T12:12:21 IST" duration-ms="14149" status="PASS">
          <params>
            <param index="0">
              <value>
                <![CDATA[chrome]]>
              </value>
            </param>
            <param index="1">
              <value>
                <![CDATA[latest]]>
              </value>
            </param>
            <param index="2">
              <value>
                <![CDATA[Windows 10]]>
              </value>
            </param>
          </params>
          <reporter-output>
          </reporter-output>
        </test-method> <!-- setUp -->
        <test-method signature="TestScenario3()[pri:0, instance:Siva_test.TestScenario_3@4ec4f3a0]" started-at="2024-06-15T12:12:21 IST" name="TestScenario3" finished-at="2024-06-15T12:12:32 IST" duration-ms="11338" status="PASS">
          <reporter-output>
          </reporter-output>
        </test-method> <!-- TestScenario3 -->
        <test-method is-config="true" signature="tearDown()[pri:0, instance:Siva_test.TestScenario_3@4ec4f3a0]" started-at="2024-06-15T12:12:32 IST" name="tearDown" finished-at="2024-06-15T12:12:33 IST" duration-ms="196" status="PASS">
          <reporter-output>
          </reporter-output>
        </test-method> <!-- tearDown -->
      </class> <!-- Siva_test.TestScenario_3 -->
      <class name="Siva_test.TestScenario_1">
        <test-method is-config="true" signature="setUp(java.lang.String,java.lang.String,java.lang.String)[pri:0, instance:Siva_test.TestScenario_1@67d48005]" started-at="2024-06-15T12:11:34 IST" name="setUp" finished-at="2024-06-15T12:11:42 IST" duration-ms="8582" status="PASS">
          <params>
            <param index="0">
              <value>
                <![CDATA[chrome]]>
              </value>
            </param>
            <param index="1">
              <value>
                <![CDATA[latest]]>
              </value>
            </param>
            <param index="2">
              <value>
                <![CDATA[Windows 10]]>
              </value>
            </param>
          </params>
          <reporter-output>
          </reporter-output>
        </test-method> <!-- setUp -->
        <test-method signature="TestScenario1()[pri:0, instance:Siva_test.TestScenario_1@67d48005]" started-at="2024-06-15T12:11:42 IST" name="TestScenario1" finished-at="2024-06-15T12:11:47 IST" duration-ms="4743" status="PASS">
          <reporter-output>
          </reporter-output>
        </test-method> <!-- TestScenario1 -->
        <test-method is-config="true" signature="tearDown()[pri:0, instance:Siva_test.TestScenario_1@67d48005]" started-at="2024-06-15T12:11:47 IST" name="tearDown" finished-at="2024-06-15T12:11:47 IST" duration-ms="150" status="PASS">
          <reporter-output>
          </reporter-output>
        </test-method> <!-- tearDown -->
      </class> <!-- Siva_test.TestScenario_1 -->
      <class name="Siva_test.TestScenario_2">
        <test-method is-config="true" signature="setUp(java.lang.String,java.lang.String,java.lang.String)[pri:0, instance:Siva_test.TestScenario_2@4550bb58]" started-at="2024-06-15T12:11:47 IST" name="setUp" finished-at="2024-06-15T12:12:01 IST" duration-ms="14336" status="PASS">
          <params>
            <param index="0">
              <value>
                <![CDATA[chrome]]>
              </value>
            </param>
            <param index="1">
              <value>
                <![CDATA[latest]]>
              </value>
            </param>
            <param index="2">
              <value>
                <![CDATA[Windows 10]]>
              </value>
            </param>
          </params>
          <reporter-output>
          </reporter-output>
        </test-method> <!-- setUp -->
        <test-method signature="TestScenario2()[pri:0, instance:Siva_test.TestScenario_2@4550bb58]" started-at="2024-06-15T12:12:01 IST" name="TestScenario2" finished-at="2024-06-15T12:12:07 IST" duration-ms="5501" status="PASS">
          <reporter-output>
          </reporter-output>
        </test-method> <!-- TestScenario2 -->
        <test-method is-config="true" signature="tearDown()[pri:0, instance:Siva_test.TestScenario_2@4550bb58]" started-at="2024-06-15T12:12:07 IST" name="tearDown" finished-at="2024-06-15T12:12:07 IST" duration-ms="121" status="PASS">
          <reporter-output>
          </reporter-output>
        </test-method> <!-- tearDown -->
      </class> <!-- Siva_test.TestScenario_2 -->
    </test> <!-- ChromeTest -->
    <test started-at="2024-06-15T12:11:33 IST" name="FirefoxTest" finished-at="2024-06-15T12:12:39 IST" duration-ms="65243">
      <class name="Siva_test.TestScenario_3">
        <test-method is-config="true" signature="setUp(java.lang.String,java.lang.String,java.lang.String)[pri:0, instance:Siva_test.TestScenario_3@47eaca72]" started-at="2024-06-15T12:12:09 IST" name="setUp" finished-at="2024-06-15T12:12:24 IST" duration-ms="14511" status="PASS">
          <params>
            <param index="0">
              <value>
                <![CDATA[firefox]]>
              </value>
            </param>
            <param index="1">
              <value>
                <![CDATA[latest]]>
              </value>
            </param>
            <param index="2">
              <value>
                <![CDATA[Windows 10]]>
              </value>
            </param>
          </params>
          <reporter-output>
          </reporter-output>
        </test-method> <!-- setUp -->
        <test-method signature="TestScenario3()[pri:0, instance:Siva_test.TestScenario_3@47eaca72]" started-at="2024-06-15T12:12:24 IST" name="TestScenario3" finished-at="2024-06-15T12:12:38 IST" duration-ms="14326" status="PASS">
          <reporter-output>
          </reporter-output>
        </test-method> <!-- TestScenario3 -->
        <test-method is-config="true" signature="tearDown()[pri:0, instance:Siva_test.TestScenario_3@47eaca72]" started-at="2024-06-15T12:12:38 IST" name="tearDown" finished-at="2024-06-15T12:12:39 IST" duration-ms="850" status="PASS">
          <reporter-output>
          </reporter-output>
        </test-method> <!-- tearDown -->
      </class> <!-- Siva_test.TestScenario_3 -->
      <class name="Siva_test.TestScenario_1">
        <test-method is-config="true" signature="setUp(java.lang.String,java.lang.String,java.lang.String)[pri:0, instance:Siva_test.TestScenario_1@a1153bc]" started-at="2024-06-15T12:11:34 IST" name="setUp" finished-at="2024-06-15T12:11:42 IST" duration-ms="8953" status="PASS">
          <params>
            <param index="0">
              <value>
                <![CDATA[firefox]]>
              </value>
            </param>
            <param index="1">
              <value>
                <![CDATA[latest]]>
              </value>
            </param>
            <param index="2">
              <value>
                <![CDATA[Windows 10]]>
              </value>
            </param>
          </params>
          <reporter-output>
          </reporter-output>
        </test-method> <!-- setUp -->
        <test-method signature="TestScenario1()[pri:0, instance:Siva_test.TestScenario_1@a1153bc]" started-at="2024-06-15T12:11:42 IST" name="TestScenario1" finished-at="2024-06-15T12:11:49 IST" duration-ms="6701" status="PASS">
          <reporter-output>
          </reporter-output>
        </test-method> <!-- TestScenario1 -->
        <test-method is-config="true" signature="tearDown()[pri:0, instance:Siva_test.TestScenario_1@a1153bc]" started-at="2024-06-15T12:11:49 IST" name="tearDown" finished-at="2024-06-15T12:11:50 IST" duration-ms="935" status="PASS">
          <reporter-output>
          </reporter-output>
        </test-method> <!-- tearDown -->
      </class> <!-- Siva_test.TestScenario_1 -->
      <class name="Siva_test.TestScenario_2">
        <test-method is-config="true" signature="setUp(java.lang.String,java.lang.String,java.lang.String)[pri:0, instance:Siva_test.TestScenario_2@1aafa419]" started-at="2024-06-15T12:11:50 IST" name="setUp" finished-at="2024-06-15T12:12:03 IST" duration-ms="12483" status="PASS">
          <params>
            <param index="0">
              <value>
                <![CDATA[firefox]]>
              </value>
            </param>
            <param index="1">
              <value>
                <![CDATA[latest]]>
              </value>
            </param>
            <param index="2">
              <value>
                <![CDATA[Windows 10]]>
              </value>
            </param>
          </params>
          <reporter-output>
          </reporter-output>
        </test-method> <!-- setUp -->
        <test-method signature="TestScenario2()[pri:0, instance:Siva_test.TestScenario_2@1aafa419]" started-at="2024-06-15T12:12:03 IST" name="TestScenario2" finished-at="2024-06-15T12:12:08 IST" duration-ms="5390" status="PASS">
          <reporter-output>
          </reporter-output>
        </test-method> <!-- TestScenario2 -->
        <test-method is-config="true" signature="tearDown()[pri:0, instance:Siva_test.TestScenario_2@1aafa419]" started-at="2024-06-15T12:12:08 IST" name="tearDown" finished-at="2024-06-15T12:12:09 IST" duration-ms="1040" status="PASS">
          <reporter-output>
          </reporter-output>
        </test-method> <!-- tearDown -->
      </class> <!-- Siva_test.TestScenario_2 -->
    </test> <!-- FirefoxTest -->
  </suite> <!-- Parallel Test Suite -->
</testng-results>
